<?xml version="1.0" encoding="UTF-8"?>
<!-- Generated by org.testng.reporters.JUnitReportReporter -->
<testsuite hostname="LP8018" failures="0" tests="2" name="TestNgProject.SangamAutomation.Sangam_LandingPage" time="13.797" errors="0" timestamp="2022-04-16T20:23:31 IST" skipped="0">
  <testcase classname="TestNgProject.SangamAutomation.Sangam_LandingPage" name="LandingPageValidation" time="0.276"/>
  <system-out/>
  <testcase classname="TestNgProject.SangamAutomation.Sangam_LandingPage" name="profileValidation" time="13.521"/>
  <system-out/>
</testsuite> <!-- TestNgProject.SangamAutomation.Sangam_LandingPage -->
